[2025-11-17 06:37:02,450] [1025] httpx - INFO - HTTP Request: GET https://dagshub.com/api/v1/user "HTTP/1.1 200 OK"
[2025-11-17 06:37:02,453] [107] dagshub - INFO - Accessing as niranjancharan75
[2025-11-17 06:37:03,487] [1025] httpx - INFO - HTTP Request: GET https://dagshub.com/api/v1/repos/niranjancharan75/ML_project_creation_guide_part2 "HTTP/1.1 200 OK"
[2025-11-17 06:37:04,439] [1025] httpx - INFO - HTTP Request: GET https://dagshub.com/api/v1/user "HTTP/1.1 200 OK"
[2025-11-17 06:37:04,440] [107] dagshub - INFO - Initialized MLflow to track repo "niranjancharan75/ML_project_creation_guide_part2"
[2025-11-17 06:37:04,451] [107] dagshub - INFO - Repository niranjancharan75/ML_project_creation_guide_part2 initialized!
[2025-11-17 06:37:04,451] [21] root - INFO - Initiate the data ingestion
[2025-11-17 06:37:04,451] [90] root - INFO - Data ingestion started
[2025-11-17 06:37:10,021] [93] root - INFO - Shape of dataset extracted from MongoDB: (11055, 31)
[2025-11-17 06:37:10,062] [96] root - INFO - Data saved into feature store
[2025-11-17 06:37:10,065] [62] root - INFO - Performed train test split on the dataframe
[2025-11-17 06:37:10,065] [64] root - INFO - Exited split_data_as_train_test method of Data_Ingestion class
[2025-11-17 06:37:10,065] [72] root - INFO - Exporting train and test file path.
[2025-11-17 06:37:10,105] [81] root - INFO - Exported train and test file path.
[2025-11-17 06:37:10,105] [99] root - INFO - Train-test split completed
[2025-11-17 06:37:10,105] [106] root - INFO - Data Ingestion Artifact: DataIngestionArtifact(trained_file_path='Artifacts\\11_17_2025_06_36_59\\data_ingestion\\ingested\\train.csv', test_file_path='Artifacts\\11_17_2025_06_36_59\\data_ingestion\\ingested\\test.csv')
[2025-11-17 06:37:10,105] [107] root - INFO - Data ingestion completed successfully
[2025-11-17 06:37:10,105] [23] root - INFO - Data Initiation Completed
[2025-11-17 06:37:10,110] [27] root - INFO - Initiate the data Validation
[2025-11-17 06:37:10,128] [32] root - INFO - Required number of columns:['having_IP_Address', 'URL_Length', 'Shortining_Service', 'having_At_Symbol', 'double_slash_redirecting', 'Prefix_Suffix', 'having_Sub_Domain', 'SSLfinal_State', 'Domain_registeration_length', 'Favicon', 'port', 'HTTPS_token', 'Request_URL', 'URL_of_Anchor', 'Links_in_tags', 'SFH', 'Submitting_to_email', 'Abnormal_URL', 'Redirect', 'on_mouseover', 'RightClick', 'popUpWidnow', 'Iframe', 'age_of_domain', 'DNSRecord', 'web_traffic', 'Page_Rank', 'Google_Index', 'Links_pointing_to_page', 'Statistical_report', 'Result']
[2025-11-17 06:37:10,128] [33] root - INFO - Data frame has columns:31
[2025-11-17 06:37:10,128] [32] root - INFO - Required number of columns:['having_IP_Address', 'URL_Length', 'Shortining_Service', 'having_At_Symbol', 'double_slash_redirecting', 'Prefix_Suffix', 'having_Sub_Domain', 'SSLfinal_State', 'Domain_registeration_length', 'Favicon', 'port', 'HTTPS_token', 'Request_URL', 'URL_of_Anchor', 'Links_in_tags', 'SFH', 'Submitting_to_email', 'Abnormal_URL', 'Redirect', 'on_mouseover', 'RightClick', 'popUpWidnow', 'Iframe', 'age_of_domain', 'DNSRecord', 'web_traffic', 'Page_Rank', 'Google_Index', 'Links_pointing_to_page', 'Statistical_report', 'Result']
[2025-11-17 06:37:10,128] [33] root - INFO - Data frame has columns:31
[2025-11-17 06:37:10,249] [29] root - INFO - data Validation Completed
[2025-11-17 06:37:10,249] [32] root - INFO - data Transformation started
[2025-11-17 06:37:10,249] [63] root - INFO - Entered initiate_data_transformation method of DataTransformation class
[2025-11-17 06:37:10,249] [65] root - INFO - Starting data transformation
[2025-11-17 06:37:10,265] [48] root - INFO - Entered get_data_trnasformer_object method of Trnasformation class
[2025-11-17 06:37:10,265] [53] root - INFO - Initialise KNNImputer with {'missing_values': nan, 'n_neighbors': 3, 'weights': 'uniform'}
[2025-11-17 06:37:10,282] [49] root - INFO - Entered the save_object method of MainUtils class
[2025-11-17 06:37:10,284] [53] root - INFO - Exited the save_object method of MainUtils class
[2025-11-17 06:37:10,284] [49] root - INFO - Entered the save_object method of MainUtils class
[2025-11-17 06:37:10,287] [53] root - INFO - Exited the save_object method of MainUtils class
[2025-11-17 06:37:10,287] [36] root - INFO - data Transformation completed
[2025-11-17 06:37:10,287] [38] root - INFO - Model Training sstared
[2025-11-17 06:37:10,288] [42] root - INFO - MLflow tracking URI set to: file:///C:\Users\Admin\Desktop\ML_MAIN_PRODUCTION\Project_creation_part2\mlruns
[2025-11-17 06:39:45,265] [63] root - INFO - MLflow run logged successfully.
[2025-11-17 06:39:45,268] [49] root - INFO - Entered the save_object method of MainUtils class
[2025-11-17 06:39:45,274] [53] root - INFO - Exited the save_object method of MainUtils class
[2025-11-17 06:39:45,274] [49] root - INFO - Entered the save_object method of MainUtils class
[2025-11-17 06:39:45,281] [53] root - INFO - Exited the save_object method of MainUtils class
[2025-11-17 06:39:45,281] [145] root - INFO - Model trainer artifact: ModelTrainerArtifact(trained_model_file_path='Artifacts\\11_17_2025_06_36_59\\model_trainer\\trained_model\\model.pkl', train_metric_artifact=ClassificationMetricArtifact(f1_score=0.9911075181891673, precision_score=0.9869188971624069, recall_score=0.9953318449360665), test_metric_artifact=ClassificationMetricArtifact(f1_score=0.9757869249394673, precision_score=0.96875, recall_score=0.9829268292682927))
[2025-11-17 06:39:45,282] [43] root - INFO - Model Training artifact created
