[2025-11-17 05:39:54,657] [21] root - INFO - Initiate the data ingestion
[2025-11-17 05:39:54,657] [90] root - INFO - Data ingestion started
[2025-11-17 05:40:01,961] [93] root - INFO - Shape of dataset extracted from MongoDB: (11055, 31)
[2025-11-17 05:40:02,059] [96] root - INFO - Data saved into feature store
[2025-11-17 05:40:02,064] [62] root - INFO - Performed train test split on the dataframe
[2025-11-17 05:40:02,064] [64] root - INFO - Exited split_data_as_train_test method of Data_Ingestion class
[2025-11-17 05:40:02,065] [72] root - INFO - Exporting train and test file path.
[2025-11-17 05:40:02,172] [81] root - INFO - Exported train and test file path.
[2025-11-17 05:40:02,172] [99] root - INFO - Train-test split completed
[2025-11-17 05:40:02,172] [106] root - INFO - Data Ingestion Artifact: DataIngestionArtifact(trained_file_path='Artifacts\\11_17_2025_05_39_50\\data_ingestion\\ingested\\train.csv', test_file_path='Artifacts\\11_17_2025_05_39_50\\data_ingestion\\ingested\\test.csv')
[2025-11-17 05:40:02,172] [107] root - INFO - Data ingestion completed successfully
[2025-11-17 05:40:02,173] [23] root - INFO - Data Initiation Completed
[2025-11-17 05:40:02,182] [27] root - INFO - Initiate the data Validation
[2025-11-17 05:40:02,219] [32] root - INFO - Required number of columns:['having_IP_Address', 'URL_Length', 'Shortining_Service', 'having_At_Symbol', 'double_slash_redirecting', 'Prefix_Suffix', 'having_Sub_Domain', 'SSLfinal_State', 'Domain_registeration_length', 'Favicon', 'port', 'HTTPS_token', 'Request_URL', 'URL_of_Anchor', 'Links_in_tags', 'SFH', 'Submitting_to_email', 'Abnormal_URL', 'Redirect', 'on_mouseover', 'RightClick', 'popUpWidnow', 'Iframe', 'age_of_domain', 'DNSRecord', 'web_traffic', 'Page_Rank', 'Google_Index', 'Links_pointing_to_page', 'Statistical_report', 'Result']
[2025-11-17 05:40:02,219] [33] root - INFO - Data frame has columns:31
[2025-11-17 05:40:02,219] [32] root - INFO - Required number of columns:['having_IP_Address', 'URL_Length', 'Shortining_Service', 'having_At_Symbol', 'double_slash_redirecting', 'Prefix_Suffix', 'having_Sub_Domain', 'SSLfinal_State', 'Domain_registeration_length', 'Favicon', 'port', 'HTTPS_token', 'Request_URL', 'URL_of_Anchor', 'Links_in_tags', 'SFH', 'Submitting_to_email', 'Abnormal_URL', 'Redirect', 'on_mouseover', 'RightClick', 'popUpWidnow', 'Iframe', 'age_of_domain', 'DNSRecord', 'web_traffic', 'Page_Rank', 'Google_Index', 'Links_pointing_to_page', 'Statistical_report', 'Result']
[2025-11-17 05:40:02,219] [33] root - INFO - Data frame has columns:31
[2025-11-17 05:40:02,476] [29] root - INFO - data Validation Completed
[2025-11-17 05:40:02,476] [32] root - INFO - data Transformation started
[2025-11-17 05:40:02,476] [63] root - INFO - Entered initiate_data_transformation method of DataTransformation class
[2025-11-17 05:40:02,477] [65] root - INFO - Starting data transformation
[2025-11-17 05:40:02,519] [48] root - INFO - Entered get_data_trnasformer_object method of Trnasformation class
[2025-11-17 05:40:02,519] [53] root - INFO - Initialise KNNImputer with {'missing_values': nan, 'n_neighbors': 3, 'weights': 'uniform'}
[2025-11-17 05:40:02,546] [49] root - INFO - Entered the save_object method of MainUtils class
[2025-11-17 05:40:02,549] [53] root - INFO - Exited the save_object method of MainUtils class
[2025-11-17 05:40:02,550] [49] root - INFO - Entered the save_object method of MainUtils class
[2025-11-17 05:40:02,554] [53] root - INFO - Exited the save_object method of MainUtils class
[2025-11-17 05:40:02,555] [36] root - INFO - data Transformation completed
[2025-11-17 05:40:02,555] [38] root - INFO - Model Training sstared
[2025-11-17 05:43:39,039] [49] root - INFO - Entered the save_object method of MainUtils class
[2025-11-17 05:43:39,040] [53] root - INFO - Exited the save_object method of MainUtils class
[2025-11-17 05:43:39,040] [49] root - INFO - Entered the save_object method of MainUtils class
[2025-11-17 05:43:39,055] [53] root - INFO - Exited the save_object method of MainUtils class
[2025-11-17 05:43:39,055] [115] root - INFO - Model trainer artifact: ModelTrainerArtifact(trained_model_file_path='Artifacts\\11_17_2025_05_39_50\\model_trainer\\trained_model\\model.pkl', train_metric_artifact=ClassificationMetricArtifact(f1_score=0.991544191664989, precision_score=0.9899497487437185, recall_score=0.9931437789876991), test_metric_artifact=ClassificationMetricArtifact(f1_score=0.9735537190082645, precision_score=0.9639934533551555, recall_score=0.9833055091819699))
[2025-11-17 05:43:39,057] [43] root - INFO - Model Training artifact created
