[2025-11-17 05:26:34,949] [21] root - INFO - Initiate the data ingestion
[2025-11-17 05:26:34,949] [90] root - INFO - Data ingestion started
[2025-11-17 05:26:42,373] [93] root - INFO - Shape of dataset extracted from MongoDB: (11055, 31)
[2025-11-17 05:26:42,424] [96] root - INFO - Data saved into feature store
[2025-11-17 05:26:42,428] [62] root - INFO - Performed train test split on the dataframe
[2025-11-17 05:26:42,428] [64] root - INFO - Exited split_data_as_train_test method of Data_Ingestion class
[2025-11-17 05:26:42,429] [72] root - INFO - Exporting train and test file path.
[2025-11-17 05:26:42,489] [81] root - INFO - Exported train and test file path.
[2025-11-17 05:26:42,489] [99] root - INFO - Train-test split completed
[2025-11-17 05:26:42,489] [106] root - INFO - Data Ingestion Artifact: DataIngestionArtifact(trained_file_path='Artifacts\\11_17_2025_05_26_33\\data_ingestion\\ingested\\train.csv', test_file_path='Artifacts\\11_17_2025_05_26_33\\data_ingestion\\ingested\\test.csv')
[2025-11-17 05:26:42,489] [107] root - INFO - Data ingestion completed successfully
[2025-11-17 05:26:42,489] [23] root - INFO - Data Initiation Completed
[2025-11-17 05:26:42,494] [27] root - INFO - Initiate the data Validation
[2025-11-17 05:26:42,513] [32] root - INFO - Required number of columns:['having_IP_Address', 'URL_Length', 'Shortining_Service', 'having_At_Symbol', 'double_slash_redirecting', 'Prefix_Suffix', 'having_Sub_Domain', 'SSLfinal_State', 'Domain_registeration_length', 'Favicon', 'port', 'HTTPS_token', 'Request_URL', 'URL_of_Anchor', 'Links_in_tags', 'SFH', 'Submitting_to_email', 'Abnormal_URL', 'Redirect', 'on_mouseover', 'RightClick', 'popUpWidnow', 'Iframe', 'age_of_domain', 'DNSRecord', 'web_traffic', 'Page_Rank', 'Google_Index', 'Links_pointing_to_page', 'Statistical_report', 'Result']
[2025-11-17 05:26:42,513] [33] root - INFO - Data frame has columns:31
[2025-11-17 05:26:42,513] [32] root - INFO - Required number of columns:['having_IP_Address', 'URL_Length', 'Shortining_Service', 'having_At_Symbol', 'double_slash_redirecting', 'Prefix_Suffix', 'having_Sub_Domain', 'SSLfinal_State', 'Domain_registeration_length', 'Favicon', 'port', 'HTTPS_token', 'Request_URL', 'URL_of_Anchor', 'Links_in_tags', 'SFH', 'Submitting_to_email', 'Abnormal_URL', 'Redirect', 'on_mouseover', 'RightClick', 'popUpWidnow', 'Iframe', 'age_of_domain', 'DNSRecord', 'web_traffic', 'Page_Rank', 'Google_Index', 'Links_pointing_to_page', 'Statistical_report', 'Result']
[2025-11-17 05:26:42,513] [33] root - INFO - Data frame has columns:31
[2025-11-17 05:26:42,644] [29] root - INFO - data Validation Completed
[2025-11-17 05:26:42,645] [32] root - INFO - data Transformation started
[2025-11-17 05:26:42,645] [63] root - INFO - Entered initiate_data_transformation method of DataTransformation class
[2025-11-17 05:26:42,645] [65] root - INFO - Starting data transformation
[2025-11-17 05:26:42,665] [48] root - INFO - Entered get_data_trnasformer_object method of Trnasformation class
[2025-11-17 05:26:42,665] [53] root - INFO - Initialise KNNImputer with {'missing_values': nan, 'n_neighbors': 3, 'weights': 'uniform'}
[2025-11-17 05:26:42,685] [49] root - INFO - Entered the save_object method of MainUtils class
[2025-11-17 05:26:42,688] [53] root - INFO - Exited the save_object method of MainUtils class
[2025-11-17 05:26:42,688] [49] root - INFO - Entered the save_object method of MainUtils class
[2025-11-17 05:26:42,690] [53] root - INFO - Exited the save_object method of MainUtils class
[2025-11-17 05:26:42,691] [36] root - INFO - data Transformation completed
[2025-11-17 05:26:42,691] [38] root - INFO - Model Training sstared
[2025-11-17 05:29:34,496] [49] root - INFO - Entered the save_object method of MainUtils class
[2025-11-17 05:29:34,499] [53] root - INFO - Exited the save_object method of MainUtils class
[2025-11-17 05:29:34,499] [49] root - INFO - Entered the save_object method of MainUtils class
[2025-11-17 05:29:34,506] [53] root - INFO - Exited the save_object method of MainUtils class
[2025-11-17 05:29:34,506] [103] root - INFO - Model Trainer Artifact created: ModelTrainerArtifact(trained_model_file_path='Artifacts\\11_17_2025_05_26_33\\model_trainer\\trained_model\\model.pkl', train_metric_artifact=ClassificationMetricArtifact(f1_score=0.9913323926627696, precision_score=0.9899355877616747, recall_score=0.9927331449333872), test_metric_artifact=ClassificationMetricArtifact(f1_score=0.9753694581280788, precision_score=0.9635036496350365, recall_score=0.9875311720698254))
[2025-11-17 05:29:34,506] [43] root - INFO - Model Training artifact created
