[2025-11-17 06:16:45,494] [21] root - INFO - Initiate the data ingestion
[2025-11-17 06:16:45,494] [90] root - INFO - Data ingestion started
[2025-11-17 06:16:51,128] [93] root - INFO - Shape of dataset extracted from MongoDB: (11055, 31)
[2025-11-17 06:16:51,169] [96] root - INFO - Data saved into feature store
[2025-11-17 06:16:51,173] [62] root - INFO - Performed train test split on the dataframe
[2025-11-17 06:16:51,173] [64] root - INFO - Exited split_data_as_train_test method of Data_Ingestion class
[2025-11-17 06:16:51,173] [72] root - INFO - Exporting train and test file path.
[2025-11-17 06:16:51,213] [81] root - INFO - Exported train and test file path.
[2025-11-17 06:16:51,214] [99] root - INFO - Train-test split completed
[2025-11-17 06:16:51,214] [106] root - INFO - Data Ingestion Artifact: DataIngestionArtifact(trained_file_path='Artifacts\\11_17_2025_06_16_44\\data_ingestion\\ingested\\train.csv', test_file_path='Artifacts\\11_17_2025_06_16_44\\data_ingestion\\ingested\\test.csv')
[2025-11-17 06:16:51,214] [107] root - INFO - Data ingestion completed successfully
[2025-11-17 06:16:51,214] [23] root - INFO - Data Initiation Completed
[2025-11-17 06:16:51,218] [27] root - INFO - Initiate the data Validation
[2025-11-17 06:16:51,232] [32] root - INFO - Required number of columns:['having_IP_Address', 'URL_Length', 'Shortining_Service', 'having_At_Symbol', 'double_slash_redirecting', 'Prefix_Suffix', 'having_Sub_Domain', 'SSLfinal_State', 'Domain_registeration_length', 'Favicon', 'port', 'HTTPS_token', 'Request_URL', 'URL_of_Anchor', 'Links_in_tags', 'SFH', 'Submitting_to_email', 'Abnormal_URL', 'Redirect', 'on_mouseover', 'RightClick', 'popUpWidnow', 'Iframe', 'age_of_domain', 'DNSRecord', 'web_traffic', 'Page_Rank', 'Google_Index', 'Links_pointing_to_page', 'Statistical_report', 'Result']
[2025-11-17 06:16:51,232] [33] root - INFO - Data frame has columns:31
[2025-11-17 06:16:51,232] [32] root - INFO - Required number of columns:['having_IP_Address', 'URL_Length', 'Shortining_Service', 'having_At_Symbol', 'double_slash_redirecting', 'Prefix_Suffix', 'having_Sub_Domain', 'SSLfinal_State', 'Domain_registeration_length', 'Favicon', 'port', 'HTTPS_token', 'Request_URL', 'URL_of_Anchor', 'Links_in_tags', 'SFH', 'Submitting_to_email', 'Abnormal_URL', 'Redirect', 'on_mouseover', 'RightClick', 'popUpWidnow', 'Iframe', 'age_of_domain', 'DNSRecord', 'web_traffic', 'Page_Rank', 'Google_Index', 'Links_pointing_to_page', 'Statistical_report', 'Result']
[2025-11-17 06:16:51,232] [33] root - INFO - Data frame has columns:31
[2025-11-17 06:16:51,348] [29] root - INFO - data Validation Completed
[2025-11-17 06:16:51,348] [32] root - INFO - data Transformation started
[2025-11-17 06:16:51,349] [63] root - INFO - Entered initiate_data_transformation method of DataTransformation class
[2025-11-17 06:16:51,349] [65] root - INFO - Starting data transformation
[2025-11-17 06:16:51,364] [48] root - INFO - Entered get_data_trnasformer_object method of Trnasformation class
[2025-11-17 06:16:51,364] [53] root - INFO - Initialise KNNImputer with {'missing_values': nan, 'n_neighbors': 3, 'weights': 'uniform'}
[2025-11-17 06:16:51,374] [49] root - INFO - Entered the save_object method of MainUtils class
[2025-11-17 06:16:51,376] [53] root - INFO - Exited the save_object method of MainUtils class
[2025-11-17 06:16:51,376] [49] root - INFO - Entered the save_object method of MainUtils class
[2025-11-17 06:16:51,377] [53] root - INFO - Exited the save_object method of MainUtils class
[2025-11-17 06:16:51,378] [36] root - INFO - data Transformation completed
[2025-11-17 06:16:51,378] [38] root - INFO - Model Training sstared
[2025-11-17 06:16:51,378] [36] root - INFO - MLflow tracking URI set to: file:///C:\Users\Admin\Desktop\ML_MAIN_PRODUCTION\Project_creation_part2\mlruns
[2025-11-17 06:19:14,982] [57] root - INFO - MLflow run logged successfully.
[2025-11-17 06:19:14,986] [49] root - INFO - Entered the save_object method of MainUtils class
[2025-11-17 06:19:15,017] [53] root - INFO - Exited the save_object method of MainUtils class
[2025-11-17 06:19:15,017] [49] root - INFO - Entered the save_object method of MainUtils class
[2025-11-17 06:19:15,048] [53] root - INFO - Exited the save_object method of MainUtils class
[2025-11-17 06:19:15,048] [139] root - INFO - Model trainer artifact: ModelTrainerArtifact(trained_model_file_path='Artifacts\\11_17_2025_06_16_44\\model_trainer\\trained_model\\model.pkl', train_metric_artifact=ClassificationMetricArtifact(f1_score=0.9905872723552281, precision_score=0.9883625969783585, recall_score=0.9928219852337982), test_metric_artifact=ClassificationMetricArtifact(f1_score=0.9805144193296961, precision_score=0.978988326848249, recall_score=0.9820452771272443))
[2025-11-17 06:19:15,052] [43] root - INFO - Model Training artifact created
