[2025-11-17 05:57:06,580] [21] root - INFO - Initiate the data ingestion
[2025-11-17 05:57:06,580] [90] root - INFO - Data ingestion started
[2025-11-17 05:57:12,192] [93] root - INFO - Shape of dataset extracted from MongoDB: (11055, 31)
[2025-11-17 05:57:12,235] [96] root - INFO - Data saved into feature store
[2025-11-17 05:57:12,237] [62] root - INFO - Performed train test split on the dataframe
[2025-11-17 05:57:12,238] [64] root - INFO - Exited split_data_as_train_test method of Data_Ingestion class
[2025-11-17 05:57:12,238] [72] root - INFO - Exporting train and test file path.
[2025-11-17 05:57:12,285] [81] root - INFO - Exported train and test file path.
[2025-11-17 05:57:12,285] [99] root - INFO - Train-test split completed
[2025-11-17 05:57:12,286] [106] root - INFO - Data Ingestion Artifact: DataIngestionArtifact(trained_file_path='Artifacts\\11_17_2025_05_57_05\\data_ingestion\\ingested\\train.csv', test_file_path='Artifacts\\11_17_2025_05_57_05\\data_ingestion\\ingested\\test.csv')
[2025-11-17 05:57:12,286] [107] root - INFO - Data ingestion completed successfully
[2025-11-17 05:57:12,286] [23] root - INFO - Data Initiation Completed
[2025-11-17 05:57:12,289] [27] root - INFO - Initiate the data Validation
[2025-11-17 05:57:12,304] [32] root - INFO - Required number of columns:['having_IP_Address', 'URL_Length', 'Shortining_Service', 'having_At_Symbol', 'double_slash_redirecting', 'Prefix_Suffix', 'having_Sub_Domain', 'SSLfinal_State', 'Domain_registeration_length', 'Favicon', 'port', 'HTTPS_token', 'Request_URL', 'URL_of_Anchor', 'Links_in_tags', 'SFH', 'Submitting_to_email', 'Abnormal_URL', 'Redirect', 'on_mouseover', 'RightClick', 'popUpWidnow', 'Iframe', 'age_of_domain', 'DNSRecord', 'web_traffic', 'Page_Rank', 'Google_Index', 'Links_pointing_to_page', 'Statistical_report', 'Result']
[2025-11-17 05:57:12,304] [33] root - INFO - Data frame has columns:31
[2025-11-17 05:57:12,304] [32] root - INFO - Required number of columns:['having_IP_Address', 'URL_Length', 'Shortining_Service', 'having_At_Symbol', 'double_slash_redirecting', 'Prefix_Suffix', 'having_Sub_Domain', 'SSLfinal_State', 'Domain_registeration_length', 'Favicon', 'port', 'HTTPS_token', 'Request_URL', 'URL_of_Anchor', 'Links_in_tags', 'SFH', 'Submitting_to_email', 'Abnormal_URL', 'Redirect', 'on_mouseover', 'RightClick', 'popUpWidnow', 'Iframe', 'age_of_domain', 'DNSRecord', 'web_traffic', 'Page_Rank', 'Google_Index', 'Links_pointing_to_page', 'Statistical_report', 'Result']
[2025-11-17 05:57:12,304] [33] root - INFO - Data frame has columns:31
[2025-11-17 05:57:12,401] [29] root - INFO - data Validation Completed
[2025-11-17 05:57:12,402] [32] root - INFO - data Transformation started
[2025-11-17 05:57:12,402] [63] root - INFO - Entered initiate_data_transformation method of DataTransformation class
[2025-11-17 05:57:12,402] [65] root - INFO - Starting data transformation
[2025-11-17 05:57:12,418] [48] root - INFO - Entered get_data_trnasformer_object method of Trnasformation class
[2025-11-17 05:57:12,418] [53] root - INFO - Initialise KNNImputer with {'missing_values': nan, 'n_neighbors': 3, 'weights': 'uniform'}
[2025-11-17 05:57:12,426] [49] root - INFO - Entered the save_object method of MainUtils class
[2025-11-17 05:57:12,428] [53] root - INFO - Exited the save_object method of MainUtils class
[2025-11-17 05:57:12,428] [49] root - INFO - Entered the save_object method of MainUtils class
[2025-11-17 05:57:12,430] [53] root - INFO - Exited the save_object method of MainUtils class
[2025-11-17 05:57:12,431] [36] root - INFO - data Transformation completed
[2025-11-17 05:57:12,431] [38] root - INFO - Model Training sstared
[2025-11-17 05:57:12,431] [36] root - INFO - MLflow tracking URI set to: file:///C:\Users\Admin\Desktop\ML_MAIN_PRODUCTION\Project_creation_part2\mlruns
[2025-11-17 05:59:41,016] [57] root - INFO - MLflow run logged successfully.
[2025-11-17 05:59:41,020] [49] root - INFO - Entered the save_object method of MainUtils class
[2025-11-17 05:59:41,036] [53] root - INFO - Exited the save_object method of MainUtils class
[2025-11-17 05:59:41,036] [49] root - INFO - Entered the save_object method of MainUtils class
[2025-11-17 05:59:41,052] [53] root - INFO - Exited the save_object method of MainUtils class
[2025-11-17 05:59:41,052] [139] root - INFO - Model trainer artifact: ModelTrainerArtifact(trained_model_file_path='Artifacts\\11_17_2025_05_57_05\\model_trainer\\trained_model\\model.pkl', train_metric_artifact=ClassificationMetricArtifact(f1_score=0.9905375478155829, precision_score=0.9879518072289156, recall_score=0.9931368591037545), test_metric_artifact=ClassificationMetricArtifact(f1_score=0.9765142150803461, precision_score=0.9681372549019608, recall_score=0.9850374064837906))
[2025-11-17 05:59:41,054] [43] root - INFO - Model Training artifact created
