[2025-11-17 06:42:49,761] [1025] httpx - INFO - HTTP Request: GET https://dagshub.com/api/v1/user "HTTP/1.1 200 OK"
[2025-11-17 06:42:49,765] [107] dagshub - INFO - Accessing as niranjancharan75
[2025-11-17 06:42:50,761] [1025] httpx - INFO - HTTP Request: GET https://dagshub.com/api/v1/repos/niranjancharan75/ML_project_creation_guide_part2 "HTTP/1.1 200 OK"
[2025-11-17 06:42:51,710] [1025] httpx - INFO - HTTP Request: GET https://dagshub.com/api/v1/user "HTTP/1.1 200 OK"
[2025-11-17 06:42:51,711] [107] dagshub - INFO - Initialized MLflow to track repo "niranjancharan75/ML_project_creation_guide_part2"
[2025-11-17 06:42:51,721] [107] dagshub - INFO - Repository niranjancharan75/ML_project_creation_guide_part2 initialized!
[2025-11-17 06:42:51,721] [21] root - INFO - Initiate the data ingestion
[2025-11-17 06:42:51,722] [90] root - INFO - Data ingestion started
[2025-11-17 06:42:57,442] [93] root - INFO - Shape of dataset extracted from MongoDB: (11055, 31)
[2025-11-17 06:42:57,483] [96] root - INFO - Data saved into feature store
[2025-11-17 06:42:57,485] [62] root - INFO - Performed train test split on the dataframe
[2025-11-17 06:42:57,485] [64] root - INFO - Exited split_data_as_train_test method of Data_Ingestion class
[2025-11-17 06:42:57,485] [72] root - INFO - Exporting train and test file path.
[2025-11-17 06:42:57,524] [81] root - INFO - Exported train and test file path.
[2025-11-17 06:42:57,524] [99] root - INFO - Train-test split completed
[2025-11-17 06:42:57,524] [106] root - INFO - Data Ingestion Artifact: DataIngestionArtifact(trained_file_path='Artifacts\\11_17_2025_06_42_46\\data_ingestion\\ingested\\train.csv', test_file_path='Artifacts\\11_17_2025_06_42_46\\data_ingestion\\ingested\\test.csv')
[2025-11-17 06:42:57,524] [107] root - INFO - Data ingestion completed successfully
[2025-11-17 06:42:57,524] [23] root - INFO - Data Initiation Completed
[2025-11-17 06:42:57,529] [27] root - INFO - Initiate the data Validation
[2025-11-17 06:42:57,545] [32] root - INFO - Required number of columns:['having_IP_Address', 'URL_Length', 'Shortining_Service', 'having_At_Symbol', 'double_slash_redirecting', 'Prefix_Suffix', 'having_Sub_Domain', 'SSLfinal_State', 'Domain_registeration_length', 'Favicon', 'port', 'HTTPS_token', 'Request_URL', 'URL_of_Anchor', 'Links_in_tags', 'SFH', 'Submitting_to_email', 'Abnormal_URL', 'Redirect', 'on_mouseover', 'RightClick', 'popUpWidnow', 'Iframe', 'age_of_domain', 'DNSRecord', 'web_traffic', 'Page_Rank', 'Google_Index', 'Links_pointing_to_page', 'Statistical_report', 'Result']
[2025-11-17 06:42:57,545] [33] root - INFO - Data frame has columns:31
[2025-11-17 06:42:57,545] [32] root - INFO - Required number of columns:['having_IP_Address', 'URL_Length', 'Shortining_Service', 'having_At_Symbol', 'double_slash_redirecting', 'Prefix_Suffix', 'having_Sub_Domain', 'SSLfinal_State', 'Domain_registeration_length', 'Favicon', 'port', 'HTTPS_token', 'Request_URL', 'URL_of_Anchor', 'Links_in_tags', 'SFH', 'Submitting_to_email', 'Abnormal_URL', 'Redirect', 'on_mouseover', 'RightClick', 'popUpWidnow', 'Iframe', 'age_of_domain', 'DNSRecord', 'web_traffic', 'Page_Rank', 'Google_Index', 'Links_pointing_to_page', 'Statistical_report', 'Result']
[2025-11-17 06:42:57,545] [33] root - INFO - Data frame has columns:31
[2025-11-17 06:42:57,649] [29] root - INFO - data Validation Completed
[2025-11-17 06:42:57,650] [32] root - INFO - data Transformation started
[2025-11-17 06:42:57,650] [63] root - INFO - Entered initiate_data_transformation method of DataTransformation class
[2025-11-17 06:42:57,650] [65] root - INFO - Starting data transformation
[2025-11-17 06:42:57,667] [48] root - INFO - Entered get_data_trnasformer_object method of Trnasformation class
[2025-11-17 06:42:57,667] [53] root - INFO - Initialise KNNImputer with {'missing_values': nan, 'n_neighbors': 3, 'weights': 'uniform'}
[2025-11-17 06:42:57,682] [49] root - INFO - Entered the save_object method of MainUtils class
[2025-11-17 06:42:57,685] [53] root - INFO - Exited the save_object method of MainUtils class
[2025-11-17 06:42:57,685] [49] root - INFO - Entered the save_object method of MainUtils class
[2025-11-17 06:42:57,686] [53] root - INFO - Exited the save_object method of MainUtils class
[2025-11-17 06:42:57,686] [36] root - INFO - data Transformation completed
[2025-11-17 06:42:57,686] [38] root - INFO - Model Training sstared
[2025-11-17 06:42:57,688] [42] root - INFO - MLflow tracking URI set to: file:///C:\Users\Admin\Desktop\ML_MAIN_PRODUCTION\Project_creation_part2\mlruns
[2025-11-17 06:45:18,788] [63] root - INFO - MLflow run logged successfully.
[2025-11-17 06:45:18,791] [49] root - INFO - Entered the save_object method of MainUtils class
[2025-11-17 06:45:18,796] [53] root - INFO - Exited the save_object method of MainUtils class
[2025-11-17 06:45:18,796] [49] root - INFO - Entered the save_object method of MainUtils class
[2025-11-17 06:45:18,800] [53] root - INFO - Exited the save_object method of MainUtils class
[2025-11-17 06:45:18,800] [145] root - INFO - Model trainer artifact: ModelTrainerArtifact(trained_model_file_path='Artifacts\\11_17_2025_06_42_46\\model_trainer\\trained_model\\model.pkl', train_metric_artifact=ClassificationMetricArtifact(f1_score=0.9918450560652395, precision_score=0.9884193417310037, recall_score=0.9952945990180033), test_metric_artifact=ClassificationMetricArtifact(f1_score=0.9773790951638065, precision_score=0.9675675675675676, recall_score=0.987391646966115))
[2025-11-17 06:45:18,801] [43] root - INFO - Model Training artifact created
