[2025-11-17 10:40:24,489] [1025] httpx - INFO - HTTP Request: GET https://dagshub.com/api/v1/user "HTTP/1.1 200 OK"
[2025-11-17 10:40:24,496] [107] dagshub - INFO - Accessing as niranjancharan75
[2025-11-17 10:40:25,877] [1025] httpx - INFO - HTTP Request: GET https://dagshub.com/api/v1/repos/niranjancharan75/ML_project_creation_guide_part2 "HTTP/1.1 200 OK"
[2025-11-17 10:40:27,139] [1025] httpx - INFO - HTTP Request: GET https://dagshub.com/api/v1/user "HTTP/1.1 200 OK"
[2025-11-17 10:40:27,141] [107] dagshub - INFO - Initialized MLflow to track repo "niranjancharan75/ML_project_creation_guide_part2"
[2025-11-17 10:40:27,150] [107] dagshub - INFO - Repository niranjancharan75/ML_project_creation_guide_part2 initialized!
[2025-11-17 10:40:27,961] [34] root - INFO - Start data ingestion
[2025-11-17 10:40:27,961] [90] root - INFO - Data ingestion started
[2025-11-17 10:40:34,972] [93] root - INFO - Shape of dataset extracted from MongoDB: (11055, 31)
[2025-11-17 10:40:35,053] [96] root - INFO - Data saved into feature store
[2025-11-17 10:40:35,057] [62] root - INFO - Performed train test split on the dataframe
[2025-11-17 10:40:35,058] [64] root - INFO - Exited split_data_as_train_test method of Data_Ingestion class
[2025-11-17 10:40:35,058] [72] root - INFO - Exporting train and test file path.
[2025-11-17 10:40:35,119] [81] root - INFO - Exported train and test file path.
[2025-11-17 10:40:35,119] [99] root - INFO - Train-test split completed
[2025-11-17 10:40:35,120] [106] root - INFO - Data Ingestion Artifact: DataIngestionArtifact(trained_file_path='Artifacts\\11_17_2025_10_40_20\\data_ingestion\\ingested\\train.csv', test_file_path='Artifacts\\11_17_2025_10_40_20\\data_ingestion\\ingested\\test.csv')
[2025-11-17 10:40:35,120] [107] root - INFO - Data ingestion completed successfully
[2025-11-17 10:40:35,120] [37] root - INFO - Data Ingestion completed and artifact: DataIngestionArtifact(trained_file_path='Artifacts\\11_17_2025_10_40_20\\data_ingestion\\ingested\\train.csv', test_file_path='Artifacts\\11_17_2025_10_40_20\\data_ingestion\\ingested\\test.csv')
[2025-11-17 10:40:35,124] [47] root - INFO - Initiate the data Validation
[2025-11-17 10:40:35,150] [32] root - INFO - Required number of columns:['having_IP_Address', 'URL_Length', 'Shortining_Service', 'having_At_Symbol', 'double_slash_redirecting', 'Prefix_Suffix', 'having_Sub_Domain', 'SSLfinal_State', 'Domain_registeration_length', 'Favicon', 'port', 'HTTPS_token', 'Request_URL', 'URL_of_Anchor', 'Links_in_tags', 'SFH', 'Submitting_to_email', 'Abnormal_URL', 'Redirect', 'on_mouseover', 'RightClick', 'popUpWidnow', 'Iframe', 'age_of_domain', 'DNSRecord', 'web_traffic', 'Page_Rank', 'Google_Index', 'Links_pointing_to_page', 'Statistical_report', 'Result']
[2025-11-17 10:40:35,151] [33] root - INFO - Data frame has columns:31
[2025-11-17 10:40:35,151] [32] root - INFO - Required number of columns:['having_IP_Address', 'URL_Length', 'Shortining_Service', 'having_At_Symbol', 'double_slash_redirecting', 'Prefix_Suffix', 'having_Sub_Domain', 'SSLfinal_State', 'Domain_registeration_length', 'Favicon', 'port', 'HTTPS_token', 'Request_URL', 'URL_of_Anchor', 'Links_in_tags', 'SFH', 'Submitting_to_email', 'Abnormal_URL', 'Redirect', 'on_mouseover', 'RightClick', 'popUpWidnow', 'Iframe', 'age_of_domain', 'DNSRecord', 'web_traffic', 'Page_Rank', 'Google_Index', 'Links_pointing_to_page', 'Statistical_report', 'Result']
[2025-11-17 10:40:35,151] [33] root - INFO - Data frame has columns:31
[2025-11-17 10:40:35,313] [63] root - INFO - Entered initiate_data_transformation method of DataTransformation class
[2025-11-17 10:40:35,313] [65] root - INFO - Starting data transformation
[2025-11-17 10:40:35,333] [48] root - INFO - Entered get_data_trnasformer_object method of Trnasformation class
[2025-11-17 10:40:35,333] [53] root - INFO - Initialise KNNImputer with {'missing_values': nan, 'n_neighbors': 3, 'weights': 'uniform'}
[2025-11-17 10:40:35,353] [49] root - INFO - Entered the save_object method of MainUtils class
[2025-11-17 10:40:35,356] [53] root - INFO - Exited the save_object method of MainUtils class
[2025-11-17 10:40:35,356] [49] root - INFO - Entered the save_object method of MainUtils class
[2025-11-17 10:40:35,359] [53] root - INFO - Exited the save_object method of MainUtils class
[2025-11-17 10:40:35,359] [42] root - INFO - MLflow tracking URI set to: file:///C:\Users\Admin\Desktop\ML_MAIN_PRODUCTION\Project_creation_part2\mlruns
[2025-11-17 10:44:25,760] [63] root - INFO - MLflow run logged successfully.
[2025-11-17 10:44:25,765] [49] root - INFO - Entered the save_object method of MainUtils class
[2025-11-17 10:44:25,802] [53] root - INFO - Exited the save_object method of MainUtils class
[2025-11-17 10:44:25,802] [49] root - INFO - Entered the save_object method of MainUtils class
[2025-11-17 10:44:25,842] [53] root - INFO - Exited the save_object method of MainUtils class
[2025-11-17 10:44:25,842] [145] root - INFO - Model trainer artifact: ModelTrainerArtifact(trained_model_file_path='Artifacts\\11_17_2025_10_40_20\\model_trainer\\trained_model\\model.pkl', train_metric_artifact=ClassificationMetricArtifact(f1_score=0.9915141601063286, precision_score=0.988784665579119, recall_score=0.9942587656346115), test_metric_artifact=ClassificationMetricArtifact(f1_score=0.9738994935722634, precision_score=0.9712509712509713, recall_score=0.9765625))
[2025-11-17 10:45:31,618] [34] root - INFO - Start data ingestion
[2025-11-17 10:45:31,618] [90] root - INFO - Data ingestion started
[2025-11-17 10:45:38,876] [93] root - INFO - Shape of dataset extracted from MongoDB: (11055, 31)
[2025-11-17 10:45:38,943] [96] root - INFO - Data saved into feature store
[2025-11-17 10:45:38,945] [62] root - INFO - Performed train test split on the dataframe
[2025-11-17 10:45:38,945] [64] root - INFO - Exited split_data_as_train_test method of Data_Ingestion class
[2025-11-17 10:45:38,946] [72] root - INFO - Exporting train and test file path.
[2025-11-17 10:45:39,011] [81] root - INFO - Exported train and test file path.
[2025-11-17 10:45:39,012] [99] root - INFO - Train-test split completed
[2025-11-17 10:45:39,012] [106] root - INFO - Data Ingestion Artifact: DataIngestionArtifact(trained_file_path='Artifacts\\11_17_2025_10_40_20\\data_ingestion\\ingested\\train.csv', test_file_path='Artifacts\\11_17_2025_10_40_20\\data_ingestion\\ingested\\test.csv')
[2025-11-17 10:45:39,012] [107] root - INFO - Data ingestion completed successfully
[2025-11-17 10:45:39,012] [37] root - INFO - Data Ingestion completed and artifact: DataIngestionArtifact(trained_file_path='Artifacts\\11_17_2025_10_40_20\\data_ingestion\\ingested\\train.csv', test_file_path='Artifacts\\11_17_2025_10_40_20\\data_ingestion\\ingested\\test.csv')
[2025-11-17 10:45:39,021] [47] root - INFO - Initiate the data Validation
[2025-11-17 10:45:39,050] [32] root - INFO - Required number of columns:['having_IP_Address', 'URL_Length', 'Shortining_Service', 'having_At_Symbol', 'double_slash_redirecting', 'Prefix_Suffix', 'having_Sub_Domain', 'SSLfinal_State', 'Domain_registeration_length', 'Favicon', 'port', 'HTTPS_token', 'Request_URL', 'URL_of_Anchor', 'Links_in_tags', 'SFH', 'Submitting_to_email', 'Abnormal_URL', 'Redirect', 'on_mouseover', 'RightClick', 'popUpWidnow', 'Iframe', 'age_of_domain', 'DNSRecord', 'web_traffic', 'Page_Rank', 'Google_Index', 'Links_pointing_to_page', 'Statistical_report', 'Result']
[2025-11-17 10:45:39,050] [33] root - INFO - Data frame has columns:31
[2025-11-17 10:45:39,050] [32] root - INFO - Required number of columns:['having_IP_Address', 'URL_Length', 'Shortining_Service', 'having_At_Symbol', 'double_slash_redirecting', 'Prefix_Suffix', 'having_Sub_Domain', 'SSLfinal_State', 'Domain_registeration_length', 'Favicon', 'port', 'HTTPS_token', 'Request_URL', 'URL_of_Anchor', 'Links_in_tags', 'SFH', 'Submitting_to_email', 'Abnormal_URL', 'Redirect', 'on_mouseover', 'RightClick', 'popUpWidnow', 'Iframe', 'age_of_domain', 'DNSRecord', 'web_traffic', 'Page_Rank', 'Google_Index', 'Links_pointing_to_page', 'Statistical_report', 'Result']
[2025-11-17 10:45:39,050] [33] root - INFO - Data frame has columns:31
[2025-11-17 10:45:39,220] [63] root - INFO - Entered initiate_data_transformation method of DataTransformation class
[2025-11-17 10:45:39,220] [65] root - INFO - Starting data transformation
[2025-11-17 10:45:39,241] [48] root - INFO - Entered get_data_trnasformer_object method of Trnasformation class
[2025-11-17 10:45:39,241] [53] root - INFO - Initialise KNNImputer with {'missing_values': nan, 'n_neighbors': 3, 'weights': 'uniform'}
[2025-11-17 10:45:39,250] [49] root - INFO - Entered the save_object method of MainUtils class
[2025-11-17 10:45:39,252] [53] root - INFO - Exited the save_object method of MainUtils class
[2025-11-17 10:45:39,252] [49] root - INFO - Entered the save_object method of MainUtils class
[2025-11-17 10:45:39,254] [53] root - INFO - Exited the save_object method of MainUtils class
[2025-11-17 10:45:39,255] [42] root - INFO - MLflow tracking URI set to: file:///C:\Users\Admin\Desktop\ML_MAIN_PRODUCTION\Project_creation_part2\mlruns
[2025-11-17 10:49:34,227] [63] root - INFO - MLflow run logged successfully.
[2025-11-17 10:49:34,233] [49] root - INFO - Entered the save_object method of MainUtils class
[2025-11-17 10:49:34,292] [53] root - INFO - Exited the save_object method of MainUtils class
[2025-11-17 10:49:34,292] [49] root - INFO - Entered the save_object method of MainUtils class
[2025-11-17 10:49:34,347] [53] root - INFO - Exited the save_object method of MainUtils class
[2025-11-17 10:49:34,347] [145] root - INFO - Model trainer artifact: ModelTrainerArtifact(trained_model_file_path='Artifacts\\11_17_2025_10_40_20\\model_trainer\\trained_model\\model.pkl', train_metric_artifact=ClassificationMetricArtifact(f1_score=0.991341550371804, precision_score=0.9904335436596784, recall_score=0.9922512234910277), test_metric_artifact=ClassificationMetricArtifact(f1_score=0.9736, precision_score=0.9759422614274258, recall_score=0.9712689545091779))
