[2025-11-16 12:34:33,783] [21] root - INFO - Initiate the data ingestion
[2025-11-16 12:34:33,783] [90] root - INFO - Data ingestion started
[2025-11-16 12:34:40,132] [93] root - INFO - Shape of dataset extracted from MongoDB: (11055, 31)
[2025-11-16 12:34:40,173] [96] root - INFO - Data saved into feature store
[2025-11-16 12:34:40,175] [62] root - INFO - Performed train test split on the dataframe
[2025-11-16 12:34:40,175] [64] root - INFO - Exited split_data_as_train_test method of Data_Ingestion class
[2025-11-16 12:34:40,176] [72] root - INFO - Exporting train and test file path.
[2025-11-16 12:34:40,224] [81] root - INFO - Exported train and test file path.
[2025-11-16 12:34:40,224] [99] root - INFO - Train-test split completed
[2025-11-16 12:34:40,224] [106] root - INFO - Data Ingestion Artifact: DataIngestionArtifact(trained_file_path='Artifacts\\11_16_2025_12_34_32\\data_ingestion\\ingested\\train.csv', test_file_path='Artifacts\\11_16_2025_12_34_32\\data_ingestion\\ingested\\test.csv')
[2025-11-16 12:34:40,224] [107] root - INFO - Data ingestion completed successfully
[2025-11-16 12:34:40,224] [23] root - INFO - Data Initiation Completed
[2025-11-16 12:34:40,228] [27] root - INFO - Initiate the data Validation
[2025-11-16 12:34:40,242] [32] root - INFO - Required number of columns:['having_IP_Address', 'URL_Length', 'Shortining_Service', 'having_At_Symbol', 'double_slash_redirecting', 'Prefix_Suffix', 'having_Sub_Domain', 'SSLfinal_State', 'Domain_registeration_length', 'Favicon', 'port', 'HTTPS_token', 'Request_URL', 'URL_of_Anchor', 'Links_in_tags', 'SFH', 'Submitting_to_email', 'Abnormal_URL', 'Redirect', 'on_mouseover', 'RightClick', 'popUpWidnow', 'Iframe', 'age_of_domain', 'DNSRecord', 'web_traffic', 'Page_Rank', 'Google_Index', 'Links_pointing_to_page', 'Statistical_report', 'Result']
[2025-11-16 12:34:40,242] [33] root - INFO - Data frame has columns:31
[2025-11-16 12:34:40,242] [32] root - INFO - Required number of columns:['having_IP_Address', 'URL_Length', 'Shortining_Service', 'having_At_Symbol', 'double_slash_redirecting', 'Prefix_Suffix', 'having_Sub_Domain', 'SSLfinal_State', 'Domain_registeration_length', 'Favicon', 'port', 'HTTPS_token', 'Request_URL', 'URL_of_Anchor', 'Links_in_tags', 'SFH', 'Submitting_to_email', 'Abnormal_URL', 'Redirect', 'on_mouseover', 'RightClick', 'popUpWidnow', 'Iframe', 'age_of_domain', 'DNSRecord', 'web_traffic', 'Page_Rank', 'Google_Index', 'Links_pointing_to_page', 'Statistical_report', 'Result']
[2025-11-16 12:34:40,243] [33] root - INFO - Data frame has columns:31
[2025-11-16 12:34:40,366] [29] root - INFO - data Validation Completed
[2025-11-16 12:34:40,366] [32] root - INFO - data Transformation started
[2025-11-16 12:34:40,366] [63] root - INFO - Entered initiate_data_transformation method of DataTransformation class
[2025-11-16 12:34:40,366] [65] root - INFO - Starting data transformation
[2025-11-16 12:34:40,382] [48] root - INFO - Entered get_data_trnasformer_object method of Trnasformation class
[2025-11-16 12:34:40,382] [53] root - INFO - Initialise KNNImputer with {'missing_values': nan, 'n_neighbors': 3, 'weights': 'uniform'}
[2025-11-16 12:34:40,392] [49] root - INFO - Entered the save_object method of MainUtils class
[2025-11-16 12:34:40,393] [53] root - INFO - Exited the save_object method of MainUtils class
[2025-11-16 12:34:40,393] [49] root - INFO - Entered the save_object method of MainUtils class
[2025-11-16 12:34:40,395] [53] root - INFO - Exited the save_object method of MainUtils class
[2025-11-16 12:34:40,397] [36] root - INFO - data Transformation completed
