[2025-11-17 06:13:23,285] [21] root - INFO - Initiate the data ingestion
[2025-11-17 06:13:23,285] [90] root - INFO - Data ingestion started
[2025-11-17 06:13:28,916] [93] root - INFO - Shape of dataset extracted from MongoDB: (11055, 31)
[2025-11-17 06:13:28,958] [96] root - INFO - Data saved into feature store
[2025-11-17 06:13:28,960] [62] root - INFO - Performed train test split on the dataframe
[2025-11-17 06:13:28,960] [64] root - INFO - Exited split_data_as_train_test method of Data_Ingestion class
[2025-11-17 06:13:28,960] [72] root - INFO - Exporting train and test file path.
[2025-11-17 06:13:29,012] [81] root - INFO - Exported train and test file path.
[2025-11-17 06:13:29,012] [99] root - INFO - Train-test split completed
[2025-11-17 06:13:29,012] [106] root - INFO - Data Ingestion Artifact: DataIngestionArtifact(trained_file_path='Artifacts\\11_17_2025_06_13_21\\data_ingestion\\ingested\\train.csv', test_file_path='Artifacts\\11_17_2025_06_13_21\\data_ingestion\\ingested\\test.csv')
[2025-11-17 06:13:29,012] [107] root - INFO - Data ingestion completed successfully
[2025-11-17 06:13:29,012] [23] root - INFO - Data Initiation Completed
[2025-11-17 06:13:29,016] [27] root - INFO - Initiate the data Validation
[2025-11-17 06:13:29,032] [32] root - INFO - Required number of columns:['having_IP_Address', 'URL_Length', 'Shortining_Service', 'having_At_Symbol', 'double_slash_redirecting', 'Prefix_Suffix', 'having_Sub_Domain', 'SSLfinal_State', 'Domain_registeration_length', 'Favicon', 'port', 'HTTPS_token', 'Request_URL', 'URL_of_Anchor', 'Links_in_tags', 'SFH', 'Submitting_to_email', 'Abnormal_URL', 'Redirect', 'on_mouseover', 'RightClick', 'popUpWidnow', 'Iframe', 'age_of_domain', 'DNSRecord', 'web_traffic', 'Page_Rank', 'Google_Index', 'Links_pointing_to_page', 'Statistical_report', 'Result']
[2025-11-17 06:13:29,032] [33] root - INFO - Data frame has columns:31
[2025-11-17 06:13:29,032] [32] root - INFO - Required number of columns:['having_IP_Address', 'URL_Length', 'Shortining_Service', 'having_At_Symbol', 'double_slash_redirecting', 'Prefix_Suffix', 'having_Sub_Domain', 'SSLfinal_State', 'Domain_registeration_length', 'Favicon', 'port', 'HTTPS_token', 'Request_URL', 'URL_of_Anchor', 'Links_in_tags', 'SFH', 'Submitting_to_email', 'Abnormal_URL', 'Redirect', 'on_mouseover', 'RightClick', 'popUpWidnow', 'Iframe', 'age_of_domain', 'DNSRecord', 'web_traffic', 'Page_Rank', 'Google_Index', 'Links_pointing_to_page', 'Statistical_report', 'Result']
[2025-11-17 06:13:29,032] [33] root - INFO - Data frame has columns:31
[2025-11-17 06:13:29,153] [29] root - INFO - data Validation Completed
[2025-11-17 06:13:29,153] [32] root - INFO - data Transformation started
[2025-11-17 06:13:29,153] [63] root - INFO - Entered initiate_data_transformation method of DataTransformation class
[2025-11-17 06:13:29,153] [65] root - INFO - Starting data transformation
[2025-11-17 06:13:29,169] [48] root - INFO - Entered get_data_trnasformer_object method of Trnasformation class
[2025-11-17 06:13:29,169] [53] root - INFO - Initialise KNNImputer with {'missing_values': nan, 'n_neighbors': 3, 'weights': 'uniform'}
[2025-11-17 06:13:29,177] [49] root - INFO - Entered the save_object method of MainUtils class
[2025-11-17 06:13:29,179] [53] root - INFO - Exited the save_object method of MainUtils class
[2025-11-17 06:13:29,179] [49] root - INFO - Entered the save_object method of MainUtils class
[2025-11-17 06:13:29,181] [53] root - INFO - Exited the save_object method of MainUtils class
[2025-11-17 06:13:29,181] [36] root - INFO - data Transformation completed
[2025-11-17 06:13:29,182] [38] root - INFO - Model Training sstared
[2025-11-17 06:13:29,182] [36] root - INFO - MLflow tracking URI set to: file:///C:\Users\Admin\Desktop\ML_MAIN_PRODUCTION\Project_creation_part2\mlruns
[2025-11-17 06:15:53,301] [57] root - INFO - MLflow run logged successfully.
[2025-11-17 06:15:53,305] [49] root - INFO - Entered the save_object method of MainUtils class
[2025-11-17 06:15:53,337] [53] root - INFO - Exited the save_object method of MainUtils class
[2025-11-17 06:15:53,337] [49] root - INFO - Entered the save_object method of MainUtils class
[2025-11-17 06:15:53,368] [53] root - INFO - Exited the save_object method of MainUtils class
[2025-11-17 06:15:53,368] [139] root - INFO - Model trainer artifact: ModelTrainerArtifact(trained_model_file_path='Artifacts\\11_17_2025_06_13_21\\model_trainer\\trained_model\\model.pkl', train_metric_artifact=ClassificationMetricArtifact(f1_score=0.9914962543024903, precision_score=0.9888933764135702, recall_score=0.9941128704831507), test_metric_artifact=ClassificationMetricArtifact(f1_score=0.9735152487961477, precision_score=0.9619349722442506, recall_score=0.9853777416734363))
[2025-11-17 06:15:53,371] [43] root - INFO - Model Training artifact created
