[2025-11-17 06:33:10,552] [1025] httpx - INFO - HTTP Request: POST https://dagshub.com/login/oauth/middleman "HTTP/1.1 200 OK"
[2025-11-17 06:33:11,543] [1025] httpx - INFO - HTTP Request: POST https://dagshub.com/login/oauth/access_token "HTTP/1.1 200 OK"
[2025-11-17 06:33:12,539] [1025] httpx - INFO - HTTP Request: GET https://dagshub.com/api/v1/user "HTTP/1.1 200 OK"
[2025-11-17 06:33:12,543] [107] dagshub - INFO - Accessing as niranjancharan75
[2025-11-17 06:33:13,594] [1025] httpx - INFO - HTTP Request: GET https://dagshub.com/api/v1/repos/niranjancharan75/ML_project_creation_guide_part2 "HTTP/1.1 200 OK"
[2025-11-17 06:33:14,596] [1025] httpx - INFO - HTTP Request: GET https://dagshub.com/api/v1/user "HTTP/1.1 200 OK"
[2025-11-17 06:33:14,598] [107] dagshub - INFO - Initialized MLflow to track repo "niranjancharan75/ML_project_creation_guide_part2"
[2025-11-17 06:33:14,598] [107] dagshub - INFO - Repository niranjancharan75/ML_project_creation_guide_part2 initialized!
[2025-11-17 06:33:14,599] [21] root - INFO - Initiate the data ingestion
[2025-11-17 06:33:14,599] [90] root - INFO - Data ingestion started
[2025-11-17 06:33:20,285] [93] root - INFO - Shape of dataset extracted from MongoDB: (11055, 31)
[2025-11-17 06:33:20,332] [96] root - INFO - Data saved into feature store
[2025-11-17 06:33:20,338] [62] root - INFO - Performed train test split on the dataframe
[2025-11-17 06:33:20,338] [64] root - INFO - Exited split_data_as_train_test method of Data_Ingestion class
[2025-11-17 06:33:20,339] [72] root - INFO - Exporting train and test file path.
[2025-11-17 06:33:20,383] [81] root - INFO - Exported train and test file path.
[2025-11-17 06:33:20,383] [99] root - INFO - Train-test split completed
[2025-11-17 06:33:20,383] [106] root - INFO - Data Ingestion Artifact: DataIngestionArtifact(trained_file_path='Artifacts\\11_17_2025_06_32_59\\data_ingestion\\ingested\\train.csv', test_file_path='Artifacts\\11_17_2025_06_32_59\\data_ingestion\\ingested\\test.csv')
[2025-11-17 06:33:20,383] [107] root - INFO - Data ingestion completed successfully
[2025-11-17 06:33:20,383] [23] root - INFO - Data Initiation Completed
[2025-11-17 06:33:20,387] [27] root - INFO - Initiate the data Validation
[2025-11-17 06:33:20,402] [32] root - INFO - Required number of columns:['having_IP_Address', 'URL_Length', 'Shortining_Service', 'having_At_Symbol', 'double_slash_redirecting', 'Prefix_Suffix', 'having_Sub_Domain', 'SSLfinal_State', 'Domain_registeration_length', 'Favicon', 'port', 'HTTPS_token', 'Request_URL', 'URL_of_Anchor', 'Links_in_tags', 'SFH', 'Submitting_to_email', 'Abnormal_URL', 'Redirect', 'on_mouseover', 'RightClick', 'popUpWidnow', 'Iframe', 'age_of_domain', 'DNSRecord', 'web_traffic', 'Page_Rank', 'Google_Index', 'Links_pointing_to_page', 'Statistical_report', 'Result']
[2025-11-17 06:33:20,402] [33] root - INFO - Data frame has columns:31
[2025-11-17 06:33:20,402] [32] root - INFO - Required number of columns:['having_IP_Address', 'URL_Length', 'Shortining_Service', 'having_At_Symbol', 'double_slash_redirecting', 'Prefix_Suffix', 'having_Sub_Domain', 'SSLfinal_State', 'Domain_registeration_length', 'Favicon', 'port', 'HTTPS_token', 'Request_URL', 'URL_of_Anchor', 'Links_in_tags', 'SFH', 'Submitting_to_email', 'Abnormal_URL', 'Redirect', 'on_mouseover', 'RightClick', 'popUpWidnow', 'Iframe', 'age_of_domain', 'DNSRecord', 'web_traffic', 'Page_Rank', 'Google_Index', 'Links_pointing_to_page', 'Statistical_report', 'Result']
[2025-11-17 06:33:20,402] [33] root - INFO - Data frame has columns:31
[2025-11-17 06:33:20,509] [29] root - INFO - data Validation Completed
[2025-11-17 06:33:20,509] [32] root - INFO - data Transformation started
[2025-11-17 06:33:20,509] [63] root - INFO - Entered initiate_data_transformation method of DataTransformation class
[2025-11-17 06:33:20,509] [65] root - INFO - Starting data transformation
[2025-11-17 06:33:20,528] [48] root - INFO - Entered get_data_trnasformer_object method of Trnasformation class
[2025-11-17 06:33:20,528] [53] root - INFO - Initialise KNNImputer with {'missing_values': nan, 'n_neighbors': 3, 'weights': 'uniform'}
[2025-11-17 06:33:20,545] [49] root - INFO - Entered the save_object method of MainUtils class
[2025-11-17 06:33:20,548] [53] root - INFO - Exited the save_object method of MainUtils class
[2025-11-17 06:33:20,548] [49] root - INFO - Entered the save_object method of MainUtils class
[2025-11-17 06:33:20,549] [53] root - INFO - Exited the save_object method of MainUtils class
[2025-11-17 06:33:20,550] [36] root - INFO - data Transformation completed
[2025-11-17 06:33:20,550] [38] root - INFO - Model Training sstared
[2025-11-17 06:33:20,550] [42] root - INFO - MLflow tracking URI set to: file:///C:\Users\Admin\Desktop\ML_MAIN_PRODUCTION\Project_creation_part2\mlruns
[2025-11-17 06:36:11,064] [63] root - INFO - MLflow run logged successfully.
[2025-11-17 06:36:11,068] [49] root - INFO - Entered the save_object method of MainUtils class
[2025-11-17 06:36:11,104] [53] root - INFO - Exited the save_object method of MainUtils class
[2025-11-17 06:36:11,104] [49] root - INFO - Entered the save_object method of MainUtils class
[2025-11-17 06:36:11,138] [53] root - INFO - Exited the save_object method of MainUtils class
[2025-11-17 06:36:11,138] [145] root - INFO - Model trainer artifact: ModelTrainerArtifact(trained_model_file_path='Artifacts\\11_17_2025_06_32_59\\model_trainer\\trained_model\\model.pkl', train_metric_artifact=ClassificationMetricArtifact(f1_score=0.9910182662226259, precision_score=0.9871330920788098, recall_score=0.9949341438703141), test_metric_artifact=ClassificationMetricArtifact(f1_score=0.9757477768795473, precision_score=0.9640575079872205, recall_score=0.9877250409165302))
[2025-11-17 06:36:11,141] [43] root - INFO - Model Training artifact created
